<?xml version="1.0" encoding="UTF-8"?>
<testsuite xmlns:xsi="http://www.w3.org/2001/XMLSchema-instance" xsi:noNamespaceSchemaLocation="https://maven.apache.org/surefire/maven-surefire-plugin/xsd/surefire-test-report.xsd" version="3.0.2" name="com.examly.springapp.SpringappApplicationTests" time="5.469" tests="80" errors="0" skipped="0" failures="0">
  <properties>
[...]
</properties>
  <testcase name="Day3_test_Controller_Directory_Exists" classname="com.examly.springapp.SpringappApplicationTests" time="0.393">
    <system-out><![CDATA[16:16:31.690 [main] INFO org.springframework.test.context.support.AnnotationConfigContextLoaderUtils -- Could not detect default configuration classes for test class [com.examly.springapp.SpringappApplicationTests]: SpringappApplicationTests does not declare any static, non-private, non-final, nested classes annotated with @Configuration.
16:16:31.802 [main] INFO org.springframework.boot.test.context.SpringBootTestContextBootstrapper -- Found @SpringBootConfiguration com.examly.springapp.SpringappApplication for test class com.examly.springapp.SpringappApplicationTests
16:16:31.941 [main] INFO org.springframework.boot.devtools.restart.RestartApplicationListener -- Restart disabled due to context in which it is running

  .   ____          _            __ _ _
 /\\ / ___'_ __ _ _(_)_ __  __ _ \ \ \ \
( ( )\___ | '_ | '_| | '_ \/ _` | \ \ \ \
 \\/  ___)| |_)| | | | | || (_| |  ) ) ) )
  '  |____| .__|_| |_|_| |_\__, | / / / /
 =========|_|==============|___/=/_/_/_/

 :: Spring Boot ::               (v3.4.12)

2025-12-24T16:16:32.255Z  INFO 11456 --- [           main] c.e.springapp.SpringappApplicationTests  : Starting SpringappApplicationTests using Java 17.0.17 with PID 11456 (started by coder in /home/coder/project/workspace/springapp)
2025-12-24T16:16:32.257Z  INFO 11456 --- [           main] c.e.springapp.SpringappApplicationTests  : No active profile set, falling back to 1 default profile: "default"
2025-12-24T16:16:33.006Z  INFO 11456 --- [           main] .s.d.r.c.RepositoryConfigurationDelegate : Bootstrapping Spring Data JPA repositories in DEFAULT mode.
2025-12-24T16:16:33.080Z  INFO 11456 --- [           main] .s.d.r.c.RepositoryConfigurationDelegate : Finished Spring Data repository scanning in 63 ms. Found 5 JPA repository interfaces.
2025-12-24T16:16:33.406Z  INFO 11456 --- [           main] o.hibernate.jpa.internal.util.LogHelper  : HHH000204: Processing PersistenceUnitInfo [name: default]
2025-12-24T16:16:33.445Z  INFO 11456 --- [           main] org.hibernate.Version                    : HHH000412: Hibernate ORM core version 6.6.36.Final
2025-12-24T16:16:33.472Z  INFO 11456 --- [           main] o.h.c.internal.RegionFactoryInitiator    : HHH000026: Second-level cache disabled
2025-12-24T16:16:33.697Z  INFO 11456 --- [           main] o.s.o.j.p.SpringPersistenceUnitInfo      : No LoadTimeWeaver setup: ignoring JPA class transformer
2025-12-24T16:16:33.723Z  INFO 11456 --- [           main] com.zaxxer.hikari.HikariDataSource       : HikariPool-1 - Starting...
2025-12-24T16:16:33.884Z  INFO 11456 --- [           main] com.zaxxer.hikari.pool.HikariPool        : HikariPool-1 - Added connection com.mysql.cj.jdbc.ConnectionImpl@4b98225c
2025-12-24T16:16:33.886Z  INFO 11456 --- [           main] com.zaxxer.hikari.HikariDataSource       : HikariPool-1 - Start completed.
2025-12-24T16:16:33.905Z  WARN 11456 --- [           main] org.hibernate.orm.deprecation            : HHH90000025: MySQL8Dialect does not need to be specified explicitly using 'hibernate.dialect' (remove the property setting and it will be selected by default)
2025-12-24T16:16:33.906Z  WARN 11456 --- [           main] org.hibernate.orm.deprecation            : HHH90000026: MySQL8Dialect has been deprecated; use org.hibernate.dialect.MySQLDialect instead
2025-12-24T16:16:33.923Z  INFO 11456 --- [           main] org.hibernate.orm.connections.pooling    : HHH10001005: Database info:
	Database JDBC URL [Connecting through datasource 'HikariDataSource (HikariPool-1)']
	Database driver: undefined/unknown
	Database version: 8.0
	Autocommit mode: undefined/unknown
	Isolation level: undefined/unknown
	Minimum pool size: undefined/unknown
	Maximum pool size: undefined/unknown
2025-12-24T16:16:34.647Z  INFO 11456 --- [           main] o.h.e.t.j.p.i.JtaPlatformInitiator       : HHH000489: No JTA platform available (set 'hibernate.transaction.jta.platform' to enable JTA platform integration)
Hibernate: alter table customer_return drop foreign key FKjacbb1s12eirutn6o1v7npjqt
Hibernate: alter table purchase_order drop foreign key FK4traogu3jriq9u7e8rvm86k7i
Hibernate: alter table purchase_order_item drop foreign key FK593lt017d995ds7nuqxgo3mmm
Hibernate: alter table purchase_order_item drop foreign key FKmj122necubadvuquvjoq967y7
Hibernate: drop table if exists customer_return
Hibernate: drop table if exists product
Hibernate: drop table if exists purchase_order
Hibernate: drop table if exists purchase_order_item
Hibernate: drop table if exists supplier
Hibernate: create table customer_return (quantity integer not null, customer_return_id bigint not null auto_increment, product_id bigint, return_date datetime(6), reason varchar(255), primary key (customer_return_id)) engine=InnoDB
Hibernate: create table product (price float(53), stock_quantity integer, product_id bigint not null auto_increment, description varchar(255), product_name varchar(255), primary key (product_id)) engine=InnoDB
Hibernate: create table purchase_order (order_date datetime(6), purchase_order_id bigint not null auto_increment, supplier_id bigint, order_number varchar(255), status varchar(255), primary key (purchase_order_id)) engine=InnoDB
Hibernate: create table purchase_order_item (quantity integer not null, unit_price float(53) not null, product_id bigint, purchase_order_id bigint, purchase_order_item_id bigint not null auto_increment, primary key (purchase_order_item_id)) engine=InnoDB
Hibernate: create table supplier (supplier_id bigint not null auto_increment, address varchar(255), contact_number varchar(255), email varchar(255), supplier_name varchar(255), primary key (supplier_id)) engine=InnoDB
Hibernate: alter table customer_return add constraint FKjacbb1s12eirutn6o1v7npjqt foreign key (product_id) references product (product_id)
Hibernate: alter table purchase_order add constraint FK4traogu3jriq9u7e8rvm86k7i foreign key (supplier_id) references supplier (supplier_id)
Hibernate: alter table purchase_order_item add constraint FK593lt017d995ds7nuqxgo3mmm foreign key (product_id) references product (product_id)
Hibernate: alter table purchase_order_item add constraint FKmj122necubadvuquvjoq967y7 foreign key (purchase_order_id) references purchase_order (purchase_order_id)
2025-12-24T16:16:34.969Z  INFO 11456 --- [           main] j.LocalContainerEntityManagerFactoryBean : Initialized JPA EntityManagerFactory for persistence unit 'default'
2025-12-24T16:16:35.405Z  WARN 11456 --- [           main] JpaBaseConfiguration$JpaWebConfiguration : spring.jpa.open-in-view is enabled by default. Therefore, database queries may be performed during view rendering. Explicitly configure spring.jpa.open-in-view to disable this warning
2025-12-24T16:16:35.757Z  INFO 11456 --- [           main] o.s.b.t.m.w.SpringBootMockServletContext : Initializing Spring TestDispatcherServlet ''
2025-12-24T16:16:35.758Z  INFO 11456 --- [           main] o.s.t.web.servlet.TestDispatcherServlet  : Initializing Servlet ''
2025-12-24T16:16:35.760Z  INFO 11456 --- [           main] o.s.t.web.servlet.TestDispatcherServlet  : Completed initialization in 1 ms
2025-12-24T16:16:35.785Z  INFO 11456 --- [           main] c.e.springapp.SpringappApplicationTests  : Started SpringappApplicationTests in 3.854 seconds (process running for 4.797)
]]></system-out>
  </testcase>
  <testcase name="Day3_test_Model_Directory_Exists" classname="com.examly.springapp.SpringappApplicationTests" time="0.004"/>
  <testcase name="Day3_test_Service_Directory_Exists" classname="com.examly.springapp.SpringappApplicationTests" time="0.003"/>
  <testcase name="Day3_test_Repository_Directory_Exists" classname="com.examly.springapp.SpringappApplicationTests" time="0.003"/>
  <testcase name="Day4_test_ProductModel_File_Exists" classname="com.examly.springapp.SpringappApplicationTests" time="0.004"/>
  <testcase name="Day4_test_SupplierModel_File_Exists" classname="com.examly.springapp.SpringappApplicationTests" time="0.003"/>
  <testcase name="Day4_test_PurchaseOrderModel_File_Exists" classname="com.examly.springapp.SpringappApplicationTests" time="0.003"/>
  <testcase name="Day4_test_PurchaseOrderItemModel_File_Exists" classname="com.examly.springapp.SpringappApplicationTests" time="0.004"/>
  <testcase name="Day4_test_CustomerReturnModel_File_Exists" classname="com.examly.springapp.SpringappApplicationTests" time="0.003"/>
  <testcase name="Day4_test_Product_Has_Entity_Annotation" classname="com.examly.springapp.SpringappApplicationTests" time="0.003"/>
  <testcase name="Day4_test_Product_Has_Id_Annotation" classname="com.examly.springapp.SpringappApplicationTests" time="0.003"/>
  <testcase name="Day4_test_Supplier_Has_Entity_Annotation" classname="com.examly.springapp.SpringappApplicationTests" time="0.004"/>
  <testcase name="Day4_test_Supplier_Has_Id_Annotation" classname="com.examly.springapp.SpringappApplicationTests" time="0.004"/>
  <testcase name="Day4_test_CustomerReturn_Has_Entity_Annotation" classname="com.examly.springapp.SpringappApplicationTests" time="0.004"/>
  <testcase name="Day4_test_PurchaseOrder_Has_Entity_Annotation" classname="com.examly.springapp.SpringappApplicationTests" time="0.004"/>
  <testcase name="Day4_test_PurchaseOrderItem_Has_Entity_Annotation" classname="com.examly.springapp.SpringappApplicationTests" time="0.003"/>
  <testcase name="Day5_test_ProductRepo_File_Exists" classname="com.examly.springapp.SpringappApplicationTests" time="0.003"/>
  <testcase name="Day5_test_SupplierRepo_File_Exists" classname="com.examly.springapp.SpringappApplicationTests" time="0.003"/>
  <testcase name="Day5_test_PurchaseOrderRepo_File_Exists" classname="com.examly.springapp.SpringappApplicationTests" time="0.003"/>
  <testcase name="Day5_test_PurchaseOrderItemRepo_File_Exists" classname="com.examly.springapp.SpringappApplicationTests" time="0.004"/>
  <testcase name="Day5_test_CustomerReturnRepo_File_Exists" classname="com.examly.springapp.SpringappApplicationTests" time="0.003"/>
  <testcase name="Day5_test_ProductRepo_Has_Repository_Annotation" classname="com.examly.springapp.SpringappApplicationTests" time="0.003"/>
  <testcase name="Day5_test_SupplierRepo_Has_Repository_Annotation" classname="com.examly.springapp.SpringappApplicationTests" time="0.003"/>
  <testcase name="Day5_test_CustomerReturnRepo_Has_Repository_Annotation" classname="com.examly.springapp.SpringappApplicationTests" time="0.002"/>
  <testcase name="Day5_test_PurchaseOrderRepo_Has_Repository_Annotation" classname="com.examly.springapp.SpringappApplicationTests" time="0.003"/>
  <testcase name="Day5_test_PurchaseOrderItemRepo_Has_Repository_Annotation" classname="com.examly.springapp.SpringappApplicationTests" time="0.003"/>
  <testcase name="Day6_test_ProductController_File_Exists" classname="com.examly.springapp.SpringappApplicationTests" time="0.003"/>
  <testcase name="Day6_test_SupplierController_File_Exists" classname="com.examly.springapp.SpringappApplicationTests" time="0.002"/>
  <testcase name="Day6_test_PurchaseOrderController_File_Exists" classname="com.examly.springapp.SpringappApplicationTests" time="0.003"/>
  <testcase name="Day6_test_CustomerReturnController_File_Exists" classname="com.examly.springapp.SpringappApplicationTests" time="0.003"/>
  <testcase name="Day6_test_PurchaseOrderItemController_File_Exists" classname="com.examly.springapp.SpringappApplicationTests" time="0.003"/>
  <testcase name="Day6_test_ProductController_Has_RestController_Annotation" classname="com.examly.springapp.SpringappApplicationTests" time="0.003"/>
  <testcase name="Day6_test_SupplierController_Has_RestController_Annotation" classname="com.examly.springapp.SpringappApplicationTests" time="0.003"/>
  <testcase name="Day6_test_PurchaseOrderController_Has_RestController_Annotation" classname="com.examly.springapp.SpringappApplicationTests" time="0.003"/>
  <testcase name="Day6_test_CustomerReturnController_Has_RestController_Annotation" classname="com.examly.springapp.SpringappApplicationTests" time="0.002"/>
  <testcase name="Day6_test_PurchaseOrderItemController_Has_RestController_Annotation" classname="com.examly.springapp.SpringappApplicationTests" time="0.003"/>
  <testcase name="Day6_test_ProductController_Has_PostMapping" classname="com.examly.springapp.SpringappApplicationTests" time="0.003"/>
  <testcase name="Day6_test_ProductController_Has_GetMapping" classname="com.examly.springapp.SpringappApplicationTests" time="0.002"/>
  <testcase name="Day6_test_ProductController_Has_PutMapping" classname="com.examly.springapp.SpringappApplicationTests" time="0.003"/>
  <testcase name="Day6_test_ProductController_Has_DeleteMapping" classname="com.examly.springapp.SpringappApplicationTests" time="0.003"/>
  <testcase name="Day6_test_SupplierController_Has_PostMapping" classname="com.examly.springapp.SpringappApplicationTests" time="0.002"/>
  <testcase name="Day6_testCreateProduct_NoBody_StatusBadRequest" classname="com.examly.springapp.SpringappApplicationTests" time="0.112"/>
  <testcase name="Day6_testGetAllProducts_StatusNoContent" classname="com.examly.springapp.SpringappApplicationTests" time="0.142">
    <system-out><![CDATA[Hibernate: select p1_0.product_id,p1_0.description,p1_0.price,p1_0.product_name,p1_0.stock_quantity from product p1_0
]]></system-out>
  </testcase>
  <testcase name="Day7_test_ProductController_Has_RequestMapping" classname="com.examly.springapp.SpringappApplicationTests" time="0.004"/>
  <testcase name="Day7_test_ProductController_Has_PathVariable" classname="com.examly.springapp.SpringappApplicationTests" time="0.008"/>
  <testcase name="Day7_test_SupplierController_Has_RequestMapping" classname="com.examly.springapp.SpringappApplicationTests" time="0.004"/>
  <testcase name="Day7_test_SupplierController_Has_PathVariable" classname="com.examly.springapp.SpringappApplicationTests" time="0.003"/>
  <testcase name="Day7_test_PurchaseOrderController_Has_RequestMapping" classname="com.examly.springapp.SpringappApplicationTests" time="0.003"/>
  <testcase name="Day7_test_CustomerReturnController_Has_RequestMapping" classname="com.examly.springapp.SpringappApplicationTests" time="0.003"/>
  <testcase name="Day8_test_ProductService_File_Exists" classname="com.examly.springapp.SpringappApplicationTests" time="0.003"/>
  <testcase name="Day8_test_SupplierService_File_Exists" classname="com.examly.springapp.SpringappApplicationTests" time="0.003"/>
  <testcase name="Day8_test_CustomerReturnService_File_Exists" classname="com.examly.springapp.SpringappApplicationTests" time="0.007"/>
  <testcase name="Day8_test_PurchaseOrderService_File_Exists" classname="com.examly.springapp.SpringappApplicationTests" time="0.003"/>
  <testcase name="Day8_test_PurchaseOrderItemService_File_Exists" classname="com.examly.springapp.SpringappApplicationTests" time="0.002"/>
  <testcase name="Day8_test_ProductServiceImpl_File_Exists" classname="com.examly.springapp.SpringappApplicationTests" time="0.002"/>
  <testcase name="Day8_test_SupplierServiceImpl_File_Exists" classname="com.examly.springapp.SpringappApplicationTests" time="0.002"/>
  <testcase name="Day8_test_CustomerReturnServiceImpl_File_Exists" classname="com.examly.springapp.SpringappApplicationTests" time="0.003"/>
  <testcase name="Day8_test_PurchaseOrderServiceImpl_File_Exists" classname="com.examly.springapp.SpringappApplicationTests" time="0.002"/>
  <testcase name="Day8_test_PurchaseOrderItemServiceImpl_File_Exists" classname="com.examly.springapp.SpringappApplicationTests" time="0.004"/>
  <testcase name="Day8_testAddProduct" classname="com.examly.springapp.SpringappApplicationTests" time="0.092">
    <system-out><![CDATA[Hibernate: insert into product (description,price,product_name,stock_quantity) values (?,?,?,?)
]]></system-out>
  </testcase>
  <testcase name="Day9_testGetAllProducts" classname="com.examly.springapp.SpringappApplicationTests" time="0.016">
    <system-out><![CDATA[Hibernate: select p1_0.product_id,p1_0.description,p1_0.price,p1_0.product_name,p1_0.stock_quantity from product p1_0
]]></system-out>
  </testcase>
  <testcase name="Day9_testGetProductById" classname="com.examly.springapp.SpringappApplicationTests" time="0.016">
    <system-out><![CDATA[Hibernate: select p1_0.product_id,p1_0.description,p1_0.price,p1_0.product_name,p1_0.stock_quantity from product p1_0 where p1_0.product_id=?
]]></system-out>
  </testcase>
  <testcase name="Day9_testUpdateProduct" classname="com.examly.springapp.SpringappApplicationTests" time="0.023">
    <system-out><![CDATA[Hibernate: select p1_0.product_id,p1_0.description,p1_0.price,p1_0.product_name,p1_0.stock_quantity from product p1_0 where p1_0.product_id=?
Hibernate: update product set description=?,price=?,product_name=?,stock_quantity=? where product_id=?
]]></system-out>
  </testcase>
  <testcase name="Day10_testAddSupplier" classname="com.examly.springapp.SpringappApplicationTests" time="0.014">
    <system-out><![CDATA[Hibernate: insert into supplier (address,contact_number,email,supplier_name) values (?,?,?,?)
]]></system-out>
  </testcase>
  <testcase name="Day10_testGetAllSuppliers" classname="com.examly.springapp.SpringappApplicationTests" time="0.01">
    <system-out><![CDATA[Hibernate: select s1_0.supplier_id,s1_0.address,s1_0.contact_number,s1_0.email,s1_0.supplier_name from supplier s1_0
]]></system-out>
  </testcase>
  <testcase name="Day10_testGetSupplierById" classname="com.examly.springapp.SpringappApplicationTests" time="0.008">
    <system-out><![CDATA[Hibernate: select s1_0.supplier_id,s1_0.address,s1_0.contact_number,s1_0.email,s1_0.supplier_name from supplier s1_0 where s1_0.supplier_id=?
]]></system-out>
  </testcase>
  <testcase name="Day10_testUpdateSupplier" classname="com.examly.springapp.SpringappApplicationTests" time="0.012">
    <system-out><![CDATA[Hibernate: select s1_0.supplier_id,s1_0.address,s1_0.contact_number,s1_0.email,s1_0.supplier_name from supplier s1_0 where s1_0.supplier_id=?
Hibernate: update supplier set address=?,contact_number=?,email=?,supplier_name=? where supplier_id=?
]]></system-out>
  </testcase>
  <testcase name="Day11_testAddPurchaseOrder" classname="com.examly.springapp.SpringappApplicationTests" time="0.023">
    <system-out><![CDATA[Hibernate: insert into purchase_order (order_date,order_number,status,supplier_id) values (?,?,?,?)
]]></system-out>
  </testcase>
  <testcase name="Day11_testGetAllPurchaseOrders" classname="com.examly.springapp.SpringappApplicationTests" time="0.014">
    <system-out><![CDATA[Hibernate: select po1_0.purchase_order_id,po1_0.order_date,po1_0.order_number,po1_0.status,po1_0.supplier_id from purchase_order po1_0
Hibernate: select s1_0.supplier_id,s1_0.address,s1_0.contact_number,s1_0.email,s1_0.supplier_name from supplier s1_0 where s1_0.supplier_id=?
]]></system-out>
  </testcase>
  <testcase name="Day11_testGetPurchaseOrderById" classname="com.examly.springapp.SpringappApplicationTests" time="0.007">
    <system-out><![CDATA[Hibernate: select po1_0.purchase_order_id,po1_0.order_date,po1_0.order_number,po1_0.status,s1_0.supplier_id,s1_0.address,s1_0.contact_number,s1_0.email,s1_0.supplier_name from purchase_order po1_0 left join supplier s1_0 on s1_0.supplier_id=po1_0.supplier_id where po1_0.purchase_order_id=?
]]></system-out>
  </testcase>
  <testcase name="Day11_testUpdatePurchaseOrder" classname="com.examly.springapp.SpringappApplicationTests" time="0.012">
    <system-out><![CDATA[Hibernate: select po1_0.purchase_order_id,po1_0.order_date,po1_0.order_number,po1_0.status,s1_0.supplier_id,s1_0.address,s1_0.contact_number,s1_0.email,s1_0.supplier_name from purchase_order po1_0 left join supplier s1_0 on s1_0.supplier_id=po1_0.supplier_id where po1_0.purchase_order_id=?
Hibernate: update purchase_order set order_date=?,order_number=?,status=?,supplier_id=? where purchase_order_id=?
]]></system-out>
  </testcase>
  <testcase name="Day12_testAddCustomerReturn" classname="com.examly.springapp.SpringappApplicationTests" time="0.013">
    <system-out><![CDATA[Hibernate: insert into customer_return (product_id,quantity,reason,return_date) values (?,?,?,?)
]]></system-out>
  </testcase>
  <testcase name="Day12_testGetAllCustomerReturns" classname="com.examly.springapp.SpringappApplicationTests" time="0.009">
    <system-out><![CDATA[Hibernate: select cr1_0.customer_return_id,cr1_0.product_id,cr1_0.quantity,cr1_0.reason,cr1_0.return_date from customer_return cr1_0
Hibernate: select p1_0.product_id,p1_0.description,p1_0.price,p1_0.product_name,p1_0.stock_quantity from product p1_0 where p1_0.product_id=?
]]></system-out>
  </testcase>
  <testcase name="Day12_testGetCustomerReturnById" classname="com.examly.springapp.SpringappApplicationTests" time="0.007">
    <system-out><![CDATA[Hibernate: select cr1_0.customer_return_id,p1_0.product_id,p1_0.description,p1_0.price,p1_0.product_name,p1_0.stock_quantity,cr1_0.quantity,cr1_0.reason,cr1_0.return_date from customer_return cr1_0 left join product p1_0 on p1_0.product_id=cr1_0.product_id where cr1_0.customer_return_id=?
]]></system-out>
  </testcase>
  <testcase name="Day13_testAddPurchaseOrderItem" classname="com.examly.springapp.SpringappApplicationTests" time="0.013">
    <system-out><![CDATA[Hibernate: insert into purchase_order_item (product_id,purchase_order_id,quantity,unit_price) values (?,?,?,?)
]]></system-out>
  </testcase>
  <testcase name="Day13_testGetPurchaseOrderItemsByOrderId" classname="com.examly.springapp.SpringappApplicationTests" time="0.026">
    <system-out><![CDATA[Hibernate: select poi1_0.purchase_order_item_id,poi1_0.product_id,poi1_0.purchase_order_id,poi1_0.quantity,poi1_0.unit_price from purchase_order_item poi1_0 left join purchase_order po1_0 on po1_0.purchase_order_id=poi1_0.purchase_order_id where po1_0.purchase_order_id=?
Hibernate: select p1_0.product_id,p1_0.description,p1_0.price,p1_0.product_name,p1_0.stock_quantity from product p1_0 where p1_0.product_id=?
Hibernate: select po1_0.purchase_order_id,po1_0.order_date,po1_0.order_number,po1_0.status,s1_0.supplier_id,s1_0.address,s1_0.contact_number,s1_0.email,s1_0.supplier_name from purchase_order po1_0 left join supplier s1_0 on s1_0.supplier_id=po1_0.supplier_id where po1_0.purchase_order_id=?
]]></system-out>
  </testcase>
  <testcase name="Day14_test_Exception_Directory_Exists" classname="com.examly.springapp.SpringappApplicationTests" time="0.003"/>
  <testcase name="Day14_test_ResourceNotFoundException_File_Exists" classname="com.examly.springapp.SpringappApplicationTests" time="0.002"/>
  <testcase name="Day14test_configuartion_Directory_Exists" classname="com.examly.springapp.SpringappApplicationTests" time="0.002"/>
  <testcase name="Day15_testAOPLogFileExists" classname="com.examly.springapp.SpringappApplicationTests" time="0.002"/>
</testsuite>